Using pre-set license
Built from '2023.2/release' branch; Version is '2023.2.4f1 (3a7eb0602d92) revision 3833520'; Using compiler version '193431935'; Build Type 'Release'
OS: 'Windows 11  (10.0.26100) 64bit Core' Language: 'en' Physical Memory: 32012 MB
BatchMode: 1, IsHumanControllingUs: 0, StartBugReporterOnCrash: 0, Is64bit: 1, IsPro: 1

COMMAND LINE ARGUMENTS:
C:\Program Files\Unity\Hub\Editor\2023.2.4f1\Editor\Unity.exe
-adb2
-batchMode
-noUpm
-name
AssetImportWorker4
-projectPath
C:/Users/trety/OneDrive/Documents/GitHub/CappiAstralMuseum/CappiAstralMuseum/Cappi Astral Museum
-logFile
Logs/AssetImportWorker4.log
-srvPort
62241
-job-worker-count
7
-background-job-worker-count
8
-asset-garbage-collectors
1
Successfully changed project path to: C:/Users/trety/OneDrive/Documents/GitHub/CappiAstralMuseum/CappiAstralMuseum/Cappi Astral Museum
C:/Users/trety/OneDrive/Documents/GitHub/CappiAstralMuseum/CappiAstralMuseum/Cappi Astral Museum
[UnityMemory] Configuration Parameters - Can be set up in boot.config
    "memorysetup-bucket-allocator-granularity=16"
    "memorysetup-bucket-allocator-bucket-count=8"
    "memorysetup-bucket-allocator-block-size=33554432"
    "memorysetup-bucket-allocator-block-count=8"
    "memorysetup-main-allocator-block-size=16777216"
    "memorysetup-thread-allocator-block-size=16777216"
    "memorysetup-gfx-main-allocator-block-size=16777216"
    "memorysetup-gfx-thread-allocator-block-size=16777216"
    "memorysetup-cache-allocator-block-size=4194304"
    "memorysetup-typetree-allocator-block-size=2097152"
    "memorysetup-profiler-bucket-allocator-granularity=16"
    "memorysetup-profiler-bucket-allocator-bucket-count=8"
    "memorysetup-profiler-bucket-allocator-block-size=33554432"
    "memorysetup-profiler-bucket-allocator-block-count=8"
    "memorysetup-profiler-allocator-block-size=16777216"
    "memorysetup-profiler-editor-allocator-block-size=1048576"
    "memorysetup-temp-allocator-size-main=16777216"
    "memorysetup-job-temp-allocator-block-size=2097152"
    "memorysetup-job-temp-allocator-block-size-background=1048576"
    "memorysetup-job-temp-allocator-reduction-small-platforms=262144"
    "memorysetup-allocator-temp-initial-block-size-main=262144"
    "memorysetup-allocator-temp-initial-block-size-worker=262144"
    "memorysetup-temp-allocator-size-background-worker=32768"
    "memorysetup-temp-allocator-size-job-worker=262144"
    "memorysetup-temp-allocator-size-preload-manager=33554432"
    "memorysetup-temp-allocator-size-nav-mesh-worker=65536"
    "memorysetup-temp-allocator-size-audio-worker=65536"
    "memorysetup-temp-allocator-size-cloud-worker=32768"
    "memorysetup-temp-allocator-size-gi-baking-worker=262144"
    "memorysetup-temp-allocator-size-gi-baking-worker=262144"
    "memorysetup-temp-allocator-size-gi-baking-worker=262144"
    "memorysetup-temp-allocator-size-gi-baking-worker=262144"
    "memorysetup-temp-allocator-size-gfx=262144"
Player connection [38048] Host "[IP] 192.168.191.142 [Port] 0 [Flags] 2 [Guid] 1726054547 [EditorId] 1726054547 [Version] 1048832 [Id] WindowsEditor(7,LAPTOP-K6D0DOT3) [Debug] 1 [PackageName] WindowsEditor [ProjectName] Editor" joined multi-casting on [225.0.0.222:54997]...
Player connection [38048] Host "[IP] 192.168.191.142 [Port] 0 [Flags] 2 [Guid] 1726054547 [EditorId] 1726054547 [Version] 1048832 [Id] WindowsEditor(7,LAPTOP-K6D0DOT3) [Debug] 1 [PackageName] WindowsEditor [ProjectName] Editor" joined alternative multi-casting on [225.0.0.222:34997]...
JobSystem: Creating JobQueue using job-worker-count value 7
[Physics::Module] Initialized MultithreadedJobDispatcher with 7 workers.
Library Redirect Path: Library/
Refreshing native plugins compatible for Editor in 2.64 ms, found 3 plugins.
Preloading 0 native plugins for Editor in 0.00 ms.
Initialize engine version: 2023.2.4f1 (3a7eb0602d92)
[Subsystems] Discovering subsystems at path C:/Program Files/Unity/Hub/Editor/2023.2.4f1/Editor/Data/Resources/UnitySubsystems
[Subsystems] Discovering subsystems at path C:/Users/trety/OneDrive/Documents/GitHub/CappiAstralMuseum/CappiAstralMuseum/Cappi Astral Museum/Assets
GfxDevice: creating device client; kGfxThreadingModeNonThreaded
Direct3D:
    Version:  Direct3D 11.0 [level 11.1]
    Renderer: NVIDIA GeForce RTX 3060 Laptop GPU (ID=0x2520)
    Vendor:   NVIDIA
    VRAM:     5996 MB
    Driver:   32.0.15.8180
Initialize mono
Mono path[0] = 'C:/Program Files/Unity/Hub/Editor/2023.2.4f1/Editor/Data/Managed'
Mono path[1] = 'C:/Program Files/Unity/Hub/Editor/2023.2.4f1/Editor/Data/MonoBleedingEdge/lib/mono/unityjit-win32'
Mono config path = 'C:/Program Files/Unity/Hub/Editor/2023.2.4f1/Editor/Data/MonoBleedingEdge/etc'
Using monoOptions --debugger-agent=transport=dt_socket,embedding=1,server=y,suspend=n,address=127.0.0.1:56564
Begin MonoManager ReloadAssembly
C:\build\output\Unity-Technologies\mono\mono\metadata\icall.c:1842:
C:\build\output\Unity-Technologies\mono\mono\metadata\icall.c:1842:
C:\build\output\Unity-Technologies\mono\mono\metadata\icall.c:1842:
C:\build\output\Unity-Technologies\mono\mono\metadata\icall.c:1842:
C:\build\output\Unity-Technologies\mono\mono\metadata\icall.c:1842:
C:\build\output\Unity-Technologies\mono\mono\metadata\icall.c:1842:
C:\build\output\Unity-Technologies\mono\mono\metadata\icall.c:1842:
C:\build\output\Unity-Technologies\mono\mono\metadata\icall.c:1842:
C:\build\output\Unity-Technologies\mono\mono\metadata\icall.c:1842:
C:\build\output\Unity-Technologies\mono\mono\metadata\icall.c:1842:
Registering precompiled unity dll's ...
Register platform support module: C:/Program Files/Unity/Hub/Editor/2023.2.4f1/Editor/Data/PlaybackEngines/WindowsStandaloneSupport/UnityEditor.WindowsStandalone.Extensions.dll
Registered in 0.003993 seconds.
- Loaded All Assemblies, in  0.416 seconds
Native extension for WindowsStandalone target not found
Mono: successfully reloaded assembly
C:\build\output\Unity-Technologies\mono\mono\metadata\icall.c:1842:
C:\build\output\Unity-Technologies\mono\mono\metadata\icall.c:1842:
- Finished resetting the current domain, in  0.321 seconds
Domain Reload Profiling: 734ms
	BeginReloadAssembly (149ms)
		ExecutionOrderSort (0ms)
		DisableScriptedObjects (0ms)
		BackupInstance (0ms)
		ReleaseScriptingObjects (0ms)
		CreateAndSetChildDomain (1ms)
	RebuildCommonClasses (40ms)
	RebuildNativeTypeToScriptingClass (13ms)
	initialDomainReloadingComplete (56ms)
	LoadAllAssembliesAndSetupDomain (154ms)
		LoadAssemblies (145ms)
		RebuildTransferFunctionScriptingTraits (0ms)
		AnalyzeDomain (152ms)
			TypeCache.Refresh (150ms)
				TypeCache.ScanAssembly (137ms)
			BuildScriptInfoCaches (0ms)
			ResolveRequiredComponents (1ms)
	FinalizeReload (322ms)
		ReleaseScriptCaches (0ms)
		RebuildScriptCaches (0ms)
		SetupLoadedEditorAssemblies (264ms)
			LogAssemblyErrors (0ms)
			InitializePlatformSupportModulesInManaged (9ms)
			SetLoadedEditorAssemblies (5ms)
			BeforeProcessingInitializeOnLoad (6ms)
			ProcessInitializeOnLoadAttributes (195ms)
			ProcessInitializeOnLoadMethodAttributes (48ms)
			AfterProcessingInitializeOnLoad (0ms)
			EditorAssembliesLoaded (0ms)
		ExecutionOrderSort2 (0ms)
		AwakeInstancesAfterBackupRestoration (0ms)
========================================================================
Worker process is ready to serve import requests
Import Worker Mode flag is 0x00
Begin MonoManager ReloadAssembly
C:\build\output\Unity-Technologies\mono\mono\metadata\icall.c:1842:
C:\build\output\Unity-Technologies\mono\mono\metadata\icall.c:1842:
C:\build\output\Unity-Technologies\mono\mono\metadata\icall.c:1842:
C:\build\output\Unity-Technologies\mono\mono\metadata\icall.c:1842:
C:\build\output\Unity-Technologies\mono\mono\metadata\icall.c:1842:
C:\build\output\Unity-Technologies\mono\mono\metadata\icall.c:1842:
C:\build\output\Unity-Technologies\mono\mono\metadata\icall.c:1842:
C:\build\output\Unity-Technologies\mono\mono\metadata\icall.c:1842:
C:\build\output\Unity-Technologies\mono\mono\metadata\icall.c:1842:
C:\build\output\Unity-Technologies\mono\mono\metadata\icall.c:1842:
C:\build\output\Unity-Technologies\mono\mono\metadata\icall.c:1842:
C:\build\output\Unity-Technologies\mono\mono\metadata\icall.c:1842:
Symbol file LoadedFromMemory doesn't match image C:\Users\trety\OneDrive\Documents\GitHub\CappiAstralMuseum\CappiAstralMuseum\Cappi Astral Museum\Library\PackageCache\com.unity.visualscripting@1.8.0\Editor\VisualScripting.Core\Dependencies\YamlDotNet\Unity.VisualScripting.YamlDotNet.dll
Symbol file LoadedFromMemory doesn't match image C:\Users\trety\OneDrive\Documents\GitHub\CappiAstralMuseum\CappiAstralMuseum\Cappi Astral Museum\Library\PackageCache\com.unity.visualscripting@1.8.0\Editor\VisualScripting.Core\Dependencies\DotNetZip\Unity.VisualScripting.IonicZip.dll
Symbol file LoadedFromMemory is not a mono symbol file
- Loaded All Assemblies, in  1.069 seconds
Refreshing native plugins compatible for Editor in 1.08 ms, found 3 plugins.
Native extension for WindowsStandalone target not found
[MODES] ModeService[none].Initialize
[MODES] ModeService[none].LoadModes
[MODES] Loading mode Default (0) for mode-current-id-Cappi Astral Museum
Mono: successfully reloaded assembly
- Finished resetting the current domain, in  0.787 seconds
Domain Reload Profiling: 1848ms
	BeginReloadAssembly (364ms)
		ExecutionOrderSort (0ms)
		DisableScriptedObjects (6ms)
		BackupInstance (0ms)
		ReleaseScriptingObjects (0ms)
		CreateAndSetChildDomain (39ms)
	RebuildCommonClasses (41ms)
	RebuildNativeTypeToScriptingClass (13ms)
	initialDomainReloadingComplete (45ms)
	LoadAllAssembliesAndSetupDomain (598ms)
		LoadAssemblies (464ms)
		RebuildTransferFunctionScriptingTraits (0ms)
		AnalyzeDomain (253ms)
			TypeCache.Refresh (214ms)
				TypeCache.ScanAssembly (196ms)
			BuildScriptInfoCaches (30ms)
			ResolveRequiredComponents (5ms)
	FinalizeReload (787ms)
		ReleaseScriptCaches (0ms)
		RebuildScriptCaches (0ms)
		SetupLoadedEditorAssemblies (583ms)
			LogAssemblyErrors (0ms)
			InitializePlatformSupportModulesInManaged (3ms)
			SetLoadedEditorAssemblies (6ms)
			BeforeProcessingInitializeOnLoad (66ms)
			ProcessInitializeOnLoadAttributes (477ms)
			ProcessInitializeOnLoadMethodAttributes (24ms)
			AfterProcessingInitializeOnLoad (5ms)
			EditorAssembliesLoaded (0ms)
		ExecutionOrderSort2 (0ms)
		AwakeInstancesAfterBackupRestoration (7ms)
Launched and connected shader compiler UnityShaderCompiler.exe after 0.02 seconds
Refreshing native plugins compatible for Editor in 1.09 ms, found 3 plugins.
Preloading 0 native plugins for Editor in 0.00 ms.
Unloading 77 Unused Serialized files (Serialized files now loaded: 0)
Unloading 4491 unused Assets / (3.1 MB). Loaded Objects now: 5117.
Memory consumption went from 229.5 MB to 226.4 MB.
Total: 10.400900 ms (FindLiveObjects: 0.529900 ms CreateObjectMapping: 0.513700 ms MarkObjects: 6.544400 ms  DeleteObjects: 2.811600 ms)

========================================================================
Received Import Request.
  Time since last request: 35532.814281 seconds.
  path: Assets/Assets Used/msVFX_Free Smoke Effects Pack
  artifactKey: Guid(289c79a533892e544aaed640df2dcc8e) Importer(815301076,1909f56bfc062723c751e8b465ee728b)
Start importing Assets/Assets Used/msVFX_Free Smoke Effects Pack using Guid(289c79a533892e544aaed640df2dcc8e) Importer(815301076,1909f56bfc062723c751e8b465ee728b) (PreviewImporter) -> (artifact id: '0023e3b315599bf37d98c62dfcda4dde') in 0.0071112 seconds
Number of updated asset objects reloaded before import = 0Number of asset objects unloaded after import = 0

========================================================================
Received Import Request.
  Time since last request: 1.405146 seconds.
  path: Assets/Assets Used/msVFX_Free Smoke Effects Pack/Materials
  artifactKey: Guid(e64bf4cf070df05409e660d5976fc4b1) Importer(815301076,1909f56bfc062723c751e8b465ee728b)
Start importing Assets/Assets Used/msVFX_Free Smoke Effects Pack/Materials using Guid(e64bf4cf070df05409e660d5976fc4b1) Importer(815301076,1909f56bfc062723c751e8b465ee728b) (PreviewImporter) -> (artifact id: '005f13c5189f021c8c1871bd361cdbc0') in 0.0006458 seconds
Number of updated asset objects reloaded before import = 0Number of asset objects unloaded after import = 0

========================================================================
Received Import Request.
  Time since last request: 0.047990 seconds.
  path: Assets/Assets Used/msVFX_Free Smoke Effects Pack/Materials/msVFX_Stylized Smoke 1_Material.mat
  artifactKey: Guid(3217b570b11b257469c5461f0457e5d4) Importer(815301076,1909f56bfc062723c751e8b465ee728b)
Start importing Assets/Assets Used/msVFX_Free Smoke Effects Pack/Materials/msVFX_Stylized Smoke 1_Material.mat using Guid(3217b570b11b257469c5461f0457e5d4) Importer(815301076,1909f56bfc062723c751e8b465ee728b) (PreviewImporter) -> (artifact id: 'c88b3e4631114dc4cbc0b94e86ff451f') in 0.108601 seconds
Number of updated asset objects reloaded before import = 0Number of asset objects unloaded after import = 2

========================================================================
Received Import Request.
  Time since last request: 7.960253 seconds.
  path: Assets/Assets Used/Low Poly Nature Pack
  artifactKey: Guid(905a3ecbb285c344ba2e29a5eebfcd90) Importer(815301076,1909f56bfc062723c751e8b465ee728b)
Start importing Assets/Assets Used/Low Poly Nature Pack using Guid(905a3ecbb285c344ba2e29a5eebfcd90) Importer(815301076,1909f56bfc062723c751e8b465ee728b) (PreviewImporter) -> (artifact id: 'acb0f237032bdd1a90dedc61d4e28c6d') in 0.0009473 seconds
Number of updated asset objects reloaded before import = 0Number of asset objects unloaded after import = 0

========================================================================
Received Import Request.
  Time since last request: 7.111585 seconds.
  path: Assets/Assets Used/LowlyPoly
  artifactKey: Guid(9de0822bf395f9045b4cf3301449c47d) Importer(815301076,1909f56bfc062723c751e8b465ee728b)
Start importing Assets/Assets Used/LowlyPoly using Guid(9de0822bf395f9045b4cf3301449c47d) Importer(815301076,1909f56bfc062723c751e8b465ee728b) (PreviewImporter) -> (artifact id: '25280b1cd09a719935a5508a4ecb292c') in 0.0009878 seconds
Number of updated asset objects reloaded before import = 0Number of asset objects unloaded after import = 0

========================================================================
Received Import Request.
  Time since last request: 1.359145 seconds.
  path: Assets/Assets Used/QuickSave
  artifactKey: Guid(3090ba5895f0eb4459139df4650aa86e) Importer(815301076,1909f56bfc062723c751e8b465ee728b)
Start importing Assets/Assets Used/QuickSave using Guid(3090ba5895f0eb4459139df4650aa86e) Importer(815301076,1909f56bfc062723c751e8b465ee728b) (PreviewImporter) -> (artifact id: 'c378e3660f64d9e3d48d803174301ac0') in 0.0011307 seconds
Number of updated asset objects reloaded before import = 0Number of asset objects unloaded after import = 0

========================================================================
Received Import Request.
  Time since last request: 1.611412 seconds.
  path: Assets/Assets Used/Anime Trees
  artifactKey: Guid(0cf108727291b8f41b84ae12bfa746c0) Importer(815301076,1909f56bfc062723c751e8b465ee728b)
Start importing Assets/Assets Used/Anime Trees using Guid(0cf108727291b8f41b84ae12bfa746c0) Importer(815301076,1909f56bfc062723c751e8b465ee728b) (PreviewImporter) -> (artifact id: '81d80d688bc52aa1b8977d8e02733cd4') in 0.0008998 seconds
Number of updated asset objects reloaded before import = 0Number of asset objects unloaded after import = 0

========================================================================
Received Import Request.
  Time since last request: 1.749952 seconds.
  path: Assets/Assets Used/Anime Trees/Matrials
  artifactKey: Guid(c8165f897fa034b48bc2a292b8df6771) Importer(815301076,1909f56bfc062723c751e8b465ee728b)
Start importing Assets/Assets Used/Anime Trees/Matrials using Guid(c8165f897fa034b48bc2a292b8df6771) Importer(815301076,1909f56bfc062723c751e8b465ee728b) (PreviewImporter) -> (artifact id: 'aa769fe4b7a845c567f622c4fa8fea81') in 0.0010716 seconds
Number of updated asset objects reloaded before import = 0Number of asset objects unloaded after import = 0

========================================================================
Received Import Request.
  Time since last request: 0.061483 seconds.
  path: Assets/Assets Used/Anime Trees/Matrials/AnimeSkybox.mat
  artifactKey: Guid(d3d1b9edc4b47a64fbf8e016486883b8) Importer(815301076,1909f56bfc062723c751e8b465ee728b)
Start importing Assets/Assets Used/Anime Trees/Matrials/AnimeSkybox.mat using Guid(d3d1b9edc4b47a64fbf8e016486883b8) Importer(815301076,1909f56bfc062723c751e8b465ee728b) (PreviewImporter) -> (artifact id: '74d45af3b705474608fd7f1a18ec2e7d') in 0.0220859 seconds
Number of updated asset objects reloaded before import = 0Number of asset objects unloaded after import = 1

========================================================================
Received Import Request.
  Time since last request: 0.001131 seconds.
  path: Assets/Assets Used/Anime Trees/Matrials/Floor.mat
  artifactKey: Guid(5b3d51a7aec9d19409816d2cba4c31c8) Importer(815301076,1909f56bfc062723c751e8b465ee728b)
Start importing Assets/Assets Used/Anime Trees/Matrials/Floor.mat using Guid(5b3d51a7aec9d19409816d2cba4c31c8) Importer(815301076,1909f56bfc062723c751e8b465ee728b) (PreviewImporter) -> (artifact id: '85e764a5e4e1d076a77c4b814c43d1da') in 0.0180601 seconds
Number of updated asset objects reloaded before import = 0Number of asset objects unloaded after import = 1

========================================================================
Received Import Request.
  Time since last request: 0.000021 seconds.
  path: Assets/Assets Used/Anime Trees/Matrials/Grass_LOD0.mat
  artifactKey: Guid(7666a242c241d714f8d4eae3d4367a33) Importer(815301076,1909f56bfc062723c751e8b465ee728b)
Start importing Assets/Assets Used/Anime Trees/Matrials/Grass_LOD0.mat using Guid(7666a242c241d714f8d4eae3d4367a33) Importer(815301076,1909f56bfc062723c751e8b465ee728b) (PreviewImporter) -> (artifact id: 'cab57fae3d9f614a784f37f27b0979b6') in 0.0186312 seconds
Number of updated asset objects reloaded before import = 0Number of asset objects unloaded after import = 2

========================================================================
Received Import Request.
  Time since last request: 0.004023 seconds.
  path: Assets/Assets Used/Anime Trees/Matrials/Leafs_01.mat
  artifactKey: Guid(4f5a058b1bd98c94e99e5342660eb3d9) Importer(815301076,1909f56bfc062723c751e8b465ee728b)
Start importing Assets/Assets Used/Anime Trees/Matrials/Leafs_01.mat using Guid(4f5a058b1bd98c94e99e5342660eb3d9) Importer(815301076,1909f56bfc062723c751e8b465ee728b) (PreviewImporter) -> (artifact id: '65b34b581629a053a8a94b581a24f763') in 0.0187023 seconds
Number of updated asset objects reloaded before import = 0Number of asset objects unloaded after import = 2

========================================================================
Received Import Request.
  Time since last request: 0.000043 seconds.
  path: Assets/Assets Used/Anime Trees/Matrials/Leafs_03.mat
  artifactKey: Guid(1f0a48b1f0d0bba4290813050b3b966e) Importer(815301076,1909f56bfc062723c751e8b465ee728b)
Start importing Assets/Assets Used/Anime Trees/Matrials/Leafs_03.mat using Guid(1f0a48b1f0d0bba4290813050b3b966e) Importer(815301076,1909f56bfc062723c751e8b465ee728b) (PreviewImporter) -> (artifact id: 'b28a8a84195faaa3666fdffc8390441a') in 0.007527 seconds
Number of updated asset objects reloaded before import = 0Number of asset objects unloaded after import = 2

========================================================================
Received Import Request.
  Time since last request: 0.000029 seconds.
  path: Assets/Assets Used/Anime Trees/Matrials/Leafs_04.mat
  artifactKey: Guid(844b28ae5ca870f4ba8fa7769921f725) Importer(815301076,1909f56bfc062723c751e8b465ee728b)
Start importing Assets/Assets Used/Anime Trees/Matrials/Leafs_04.mat using Guid(844b28ae5ca870f4ba8fa7769921f725) Importer(815301076,1909f56bfc062723c751e8b465ee728b) (PreviewImporter) -> (artifact id: '768d64560e9cba638dbd094df4ee7e13') in 0.0099396 seconds
Number of updated asset objects reloaded before import = 0Number of asset objects unloaded after import = 2

========================================================================
Received Import Request.
  Time since last request: 11.479566 seconds.
  path: Assets/Assets Used/Low Poly Nature Pack/Materials
  artifactKey: Guid(9cb5fde90f40eec42a4fea76a591aaaa) Importer(815301076,1909f56bfc062723c751e8b465ee728b)
Start importing Assets/Assets Used/Low Poly Nature Pack/Materials using Guid(9cb5fde90f40eec42a4fea76a591aaaa) Importer(815301076,1909f56bfc062723c751e8b465ee728b) (PreviewImporter) -> (artifact id: '837a25ddb2acb5ad09b92b8f1dd098dd') in 0.0013375 seconds
Number of updated asset objects reloaded before import = 0Number of asset objects unloaded after import = 0

========================================================================
Received Import Request.
  Time since last request: 0.067837 seconds.
  path: Assets/Assets Used/Low Poly Nature Pack/Materials/Alpha_Mat.mat
  artifactKey: Guid(fae749bcee2b43b4ca88e87d76e073a0) Importer(815301076,1909f56bfc062723c751e8b465ee728b)
Start importing Assets/Assets Used/Low Poly Nature Pack/Materials/Alpha_Mat.mat using Guid(fae749bcee2b43b4ca88e87d76e073a0) Importer(815301076,1909f56bfc062723c751e8b465ee728b) (PreviewImporter) -> (artifact id: '401c074d60214366166ad07bbfb894f9') in 0.0948598 seconds
Number of updated asset objects reloaded before import = 0Number of asset objects unloaded after import = 1

========================================================================
Received Import Request.
  Time since last request: 0.000105 seconds.
  path: Assets/Assets Used/Low Poly Nature Pack/Materials/Grass_Mat.terrainlayer
  artifactKey: Guid(f255c70335a309f4e846a892d6e42724) Importer(815301076,1909f56bfc062723c751e8b465ee728b)
Start importing Assets/Assets Used/Low Poly Nature Pack/Materials/Grass_Mat.terrainlayer using Guid(f255c70335a309f4e846a892d6e42724) Importer(815301076,1909f56bfc062723c751e8b465ee728b) (PreviewImporter) -> (artifact id: 'eff079a87d6cf245e38414a1af058d67') in 0.036343 seconds
Number of updated asset objects reloaded before import = 0Number of asset objects unloaded after import = 2

========================================================================
Received Import Request.
  Time since last request: 0.000049 seconds.
  path: Assets/Assets Used/Low Poly Nature Pack/Materials/Sand_Mat.terrainlayer
  artifactKey: Guid(3fc14f272113b9c4b938852d7590e2e9) Importer(815301076,1909f56bfc062723c751e8b465ee728b)
Start importing Assets/Assets Used/Low Poly Nature Pack/Materials/Sand_Mat.terrainlayer using Guid(3fc14f272113b9c4b938852d7590e2e9) Importer(815301076,1909f56bfc062723c751e8b465ee728b) (PreviewImporter) -> (artifact id: 'ba341ef87b8deac81f500b527b819e48') in 0.0362873 seconds
Number of updated asset objects reloaded before import = 0Number of asset objects unloaded after import = 2

========================================================================
Received Import Request.
  Time since last request: 0.000042 seconds.
  path: Assets/Assets Used/Low Poly Nature Pack/Materials/Soil_Mat.terrainlayer
  artifactKey: Guid(c80b9e67d19c18047814fa8bebbe2e44) Importer(815301076,1909f56bfc062723c751e8b465ee728b)
Start importing Assets/Assets Used/Low Poly Nature Pack/Materials/Soil_Mat.terrainlayer using Guid(c80b9e67d19c18047814fa8bebbe2e44) Importer(815301076,1909f56bfc062723c751e8b465ee728b) (PreviewImporter) -> (artifact id: 'a74ed1de1379ee70348c721658aa7e01') in 0.0352843 seconds
Number of updated asset objects reloaded before import = 0Number of asset objects unloaded after import = 2

========================================================================
Received Import Request.
  Time since last request: 0.000051 seconds.
  path: Assets/Assets Used/Low Poly Nature Pack/Materials/Fireflies_Fx_Mat.mat
  artifactKey: Guid(f523aa5acb0c9ec4c888bcdac036c01e) Importer(815301076,1909f56bfc062723c751e8b465ee728b)
Start importing Assets/Assets Used/Low Poly Nature Pack/Materials/Fireflies_Fx_Mat.mat using Guid(f523aa5acb0c9ec4c888bcdac036c01e) Importer(815301076,1909f56bfc062723c751e8b465ee728b) (PreviewImporter) -> (artifact id: '48ae0ee3f32782fffb7b192db73bd442') in 0.0294584 seconds
Number of updated asset objects reloaded before import = 0Number of asset objects unloaded after import = 1

========================================================================
Received Import Request.
  Time since last request: 0.000021 seconds.
  path: Assets/Assets Used/Low Poly Nature Pack/Materials/Waterfall_Fx_Mat.mat
  artifactKey: Guid(c768aaf61a637d741b4fc9bdb0d48ad6) Importer(815301076,1909f56bfc062723c751e8b465ee728b)
Start importing Assets/Assets Used/Low Poly Nature Pack/Materials/Waterfall_Fx_Mat.mat using Guid(c768aaf61a637d741b4fc9bdb0d48ad6) Importer(815301076,1909f56bfc062723c751e8b465ee728b) (PreviewImporter) -> (artifact id: '6c3f44d608295e783ef20a542fc2d5e6') in 0.022012 seconds
Number of updated asset objects reloaded before import = 0Number of asset objects unloaded after import = 1

========================================================================
Received Import Request.
  Time since last request: 0.000024 seconds.
  path: Assets/Assets Used/Low Poly Nature Pack/Materials/BDStuidos_Waterfall_Mat.mat
  artifactKey: Guid(0a1625eb7922b3d41995734eb63c1cc2) Importer(815301076,1909f56bfc062723c751e8b465ee728b)
Start importing Assets/Assets Used/Low Poly Nature Pack/Materials/BDStuidos_Waterfall_Mat.mat using Guid(0a1625eb7922b3d41995734eb63c1cc2) Importer(815301076,1909f56bfc062723c751e8b465ee728b) (PreviewImporter) -> (artifact id: 'c85d55b470d8704b96c91ad0b8fe2b48') in 0.0225316 seconds
Number of updated asset objects reloaded before import = 0Number of asset objects unloaded after import = 3

========================================================================
Received Import Request.
  Time since last request: 0.000022 seconds.
  path: Assets/Assets Used/Low Poly Nature Pack/Materials/BDStuidos_Water 1.mat
  artifactKey: Guid(60e3716a1a24f1742a61a7e9f60559f7) Importer(815301076,1909f56bfc062723c751e8b465ee728b)
Start importing Assets/Assets Used/Low Poly Nature Pack/Materials/BDStuidos_Water 1.mat using Guid(60e3716a1a24f1742a61a7e9f60559f7) Importer(815301076,1909f56bfc062723c751e8b465ee728b) (PreviewImporter) -> (artifact id: '1bd44bbbd9ffa2ce838684451bd7eb24') in 0.0104828 seconds
Number of updated asset objects reloaded before import = 0Number of asset objects unloaded after import = 3

========================================================================
Received Import Request.
  Time since last request: 1.705819 seconds.
  path: Assets/Assets Used/Low Poly Nature Pack/Textures/Grass.png
  artifactKey: Guid(6f32b6a649dc79f498b319318da8bd62) Importer(815301076,1909f56bfc062723c751e8b465ee728b)
Start importing Assets/Assets Used/Low Poly Nature Pack/Textures/Grass.png using Guid(6f32b6a649dc79f498b319318da8bd62) Importer(815301076,1909f56bfc062723c751e8b465ee728b) (PreviewImporter) -> (artifact id: 'e5bb0fab63f807fff61f26e4529297fc') in 0.027195 seconds
Number of updated asset objects reloaded before import = 0Number of asset objects unloaded after import = 2

========================================================================
Received Import Request.
  Time since last request: 26.623205 seconds.
  path: Assets/Assets Used/LowlyPoly/Stylized Grass Texture/Textures/Vol_42_1_Base_Color.png
  artifactKey: Guid(b900361e13e6eaa44963cb851faf3ed3) Importer(815301076,1909f56bfc062723c751e8b465ee728b)
Start importing Assets/Assets Used/LowlyPoly/Stylized Grass Texture/Textures/Vol_42_1_Base_Color.png using Guid(b900361e13e6eaa44963cb851faf3ed3) Importer(815301076,1909f56bfc062723c751e8b465ee728b) (PreviewImporter) -> (artifact id: '9451e1c7e0f5f5050290f6b9ecf3f663') in 0.0210352 seconds
Number of updated asset objects reloaded before import = 0Number of asset objects unloaded after import = 2

========================================================================
Received Import Request.
  Time since last request: 45.850085 seconds.
  path: Assets/Assets Used/Low Poly Nature Pack/Materials/GrassMatMystic.mat
  artifactKey: Guid(6c4744dcb409f3c4d9344bb0276ee37e) Importer(815301076,1909f56bfc062723c751e8b465ee728b)
Start importing Assets/Assets Used/Low Poly Nature Pack/Materials/GrassMatMystic.mat using Guid(6c4744dcb409f3c4d9344bb0276ee37e) Importer(815301076,1909f56bfc062723c751e8b465ee728b) (PreviewImporter) -> (artifact id: 'dd7d653b2d6e1c79ba0f2fed8356f224') in 0.0200048 seconds
Number of updated asset objects reloaded before import = 0Number of asset objects unloaded after import = 1

========================================================================
Received Import Request.
  Time since last request: 17.507413 seconds.
  path: Assets/UI/172 logo am.png
  artifactKey: Guid(6d25b0c42b2fc2049956fdc650c4fb43) Importer(815301076,1909f56bfc062723c751e8b465ee728b)
Start importing Assets/UI/172 logo am.png using Guid(6d25b0c42b2fc2049956fdc650c4fb43) Importer(815301076,1909f56bfc062723c751e8b465ee728b) (PreviewImporter) -> (artifact id: 'bab213058fa85cef22e8fe3488c5b27c') in 0.0169597 seconds
Number of updated asset objects reloaded before import = 0Number of asset objects unloaded after import = 2

========================================================================
Received Import Request.
  Time since last request: 0.001997 seconds.
  path: Assets/Model/Environment/Hub/a12a8af2-abe7-42e7-8bbf-784c39d92d6e.jpg
  artifactKey: Guid(2f53f6153dd3d794586ba4ad05a4c75f) Importer(815301076,1909f56bfc062723c751e8b465ee728b)
Start importing Assets/Model/Environment/Hub/a12a8af2-abe7-42e7-8bbf-784c39d92d6e.jpg using Guid(2f53f6153dd3d794586ba4ad05a4c75f) Importer(815301076,1909f56bfc062723c751e8b465ee728b) (PreviewImporter) -> (artifact id: '70d3d089acfdb2a8b87607109398bd24') in 0.0179846 seconds
Number of updated asset objects reloaded before import = 0Number of asset objects unloaded after import = 2

========================================================================
Received Import Request.
  Time since last request: 0.000023 seconds.
  path: Assets/Assets Used/AllSkyFree/Overcast Low/AllSky_Overcast4_Low.png
  artifactKey: Guid(c8f21f62fdb3e43c5b32917c84683698) Importer(815301076,1909f56bfc062723c751e8b465ee728b)
Start importing Assets/Assets Used/AllSkyFree/Overcast Low/AllSky_Overcast4_Low.png using Guid(c8f21f62fdb3e43c5b32917c84683698) Importer(815301076,1909f56bfc062723c751e8b465ee728b) (PreviewImporter) -> (artifact id: '6d101923b5624d6afbc43a39f4034348') in 0.0590416 seconds
Number of updated asset objects reloaded before import = 0Number of asset objects unloaded after import = 1

========================================================================
Received Import Request.
  Time since last request: 0.000034 seconds.
  path: Assets/Assets Used/AllSkyFree/Space_AnotherPlanet/AllSky_Space_AnotherPlanet Equirect.png
  artifactKey: Guid(393dd4c82e2a04ec08ef9f57528230c6) Importer(815301076,1909f56bfc062723c751e8b465ee728b)
Start importing Assets/Assets Used/AllSkyFree/Space_AnotherPlanet/AllSky_Space_AnotherPlanet Equirect.png using Guid(393dd4c82e2a04ec08ef9f57528230c6) Importer(815301076,1909f56bfc062723c751e8b465ee728b) (PreviewImporter) -> (artifact id: '8ec427639b8275e8d2cfa32d3c2ba43f') in 0.0461442 seconds
Number of updated asset objects reloaded before import = 0Number of asset objects unloaded after import = 1

========================================================================
Received Import Request.
  Time since last request: 0.000048 seconds.
  path: Assets/Assets Used/AllSkyFree/Space_AnotherPlanet/AllSky_Space_AnotherPlanet_Cam_0_Front+Z.png
  artifactKey: Guid(0b5345cf23ab840779a8cbf1b89f355a) Importer(815301076,1909f56bfc062723c751e8b465ee728b)
Start importing Assets/Assets Used/AllSkyFree/Space_AnotherPlanet/AllSky_Space_AnotherPlanet_Cam_0_Front+Z.png using Guid(0b5345cf23ab840779a8cbf1b89f355a) Importer(815301076,1909f56bfc062723c751e8b465ee728b) (PreviewImporter) -> (artifact id: 'baa3325c9fc16c7df7adfb5b11796dd0') in 0.0286234 seconds
Number of updated asset objects reloaded before import = 0Number of asset objects unloaded after import = 2

========================================================================
Received Import Request.
  Time since last request: 0.000022 seconds.
  path: Assets/Assets Used/AllSkyFree/Space_AnotherPlanet/AllSky_Space_AnotherPlanet_Cam_2_Left+X.png
  artifactKey: Guid(40cd83628508d406497f3b21ff220644) Importer(815301076,1909f56bfc062723c751e8b465ee728b)
Start importing Assets/Assets Used/AllSkyFree/Space_AnotherPlanet/AllSky_Space_AnotherPlanet_Cam_2_Left+X.png using Guid(40cd83628508d406497f3b21ff220644) Importer(815301076,1909f56bfc062723c751e8b465ee728b) (PreviewImporter) -> (artifact id: 'cb88e85e16307622c63b7b756668e1c7') in 0.0268483 seconds
Number of updated asset objects reloaded before import = 0Number of asset objects unloaded after import = 2

========================================================================
Received Import Request.
  Time since last request: 1.938795 seconds.
  path: Assets/Assets Used/JMO Assets/Cartoon FX Remaster/Demo Assets/UI/CFXR Demo Btn Ground.png
  artifactKey: Guid(32b639b461ed6424eaacb0b92b1e8dc1) Importer(815301076,1909f56bfc062723c751e8b465ee728b)
Start importing Assets/Assets Used/JMO Assets/Cartoon FX Remaster/Demo Assets/UI/CFXR Demo Btn Ground.png using Guid(32b639b461ed6424eaacb0b92b1e8dc1) Importer(815301076,1909f56bfc062723c751e8b465ee728b) (PreviewImporter) -> (artifact id: '62e0556e6377844bc4db5e64cd2d4209') in 0.0443917 seconds
Number of updated asset objects reloaded before import = 0Number of asset objects unloaded after import = 3

========================================================================
Received Import Request.
  Time since last request: 0.000031 seconds.
  path: Assets/Assets Used/JMO Assets/Cartoon FX Remaster/CFXR Assets/Graphics/cfxr smiley angry.png
  artifactKey: Guid(cd9438f3ff0307746abfcd3fdb7e6fb9) Importer(815301076,1909f56bfc062723c751e8b465ee728b)
Start importing Assets/Assets Used/JMO Assets/Cartoon FX Remaster/CFXR Assets/Graphics/cfxr smiley angry.png using Guid(cd9438f3ff0307746abfcd3fdb7e6fb9) Importer(815301076,1909f56bfc062723c751e8b465ee728b) (PreviewImporter) -> (artifact id: 'b66a21273e7fcd96eb801119e1c23f01') in 0.0239776 seconds
Number of updated asset objects reloaded before import = 0Number of asset objects unloaded after import = 2

========================================================================
Received Import Request.
  Time since last request: 0.000025 seconds.
  path: Assets/Assets Used/JMO Assets/Cartoon FX Remaster/CFXR Assets/Graphics/cfxr spikes half impact gradient.png
  artifactKey: Guid(0507e48ffacf40549a96d4efaa55672a) Importer(815301076,1909f56bfc062723c751e8b465ee728b)
Start importing Assets/Assets Used/JMO Assets/Cartoon FX Remaster/CFXR Assets/Graphics/cfxr spikes half impact gradient.png using Guid(0507e48ffacf40549a96d4efaa55672a) Importer(815301076,1909f56bfc062723c751e8b465ee728b) (PreviewImporter) -> (artifact id: 'd00a0962e5fa39ae99575ab051a48db8') in 0.026113 seconds
Number of updated asset objects reloaded before import = 0Number of asset objects unloaded after import = 2

========================================================================
Received Import Request.
  Time since last request: 0.000025 seconds.
  path: Assets/Assets Used/JMO Assets/Welcome Screen/CFXR_WelcomeScreen_Background.png
  artifactKey: Guid(fed1b64fd853f994c8d504720a0a6d44) Importer(815301076,1909f56bfc062723c751e8b465ee728b)
Start importing Assets/Assets Used/JMO Assets/Welcome Screen/CFXR_WelcomeScreen_Background.png using Guid(fed1b64fd853f994c8d504720a0a6d44) Importer(815301076,1909f56bfc062723c751e8b465ee728b) (PreviewImporter) -> (artifact id: '3b60851bc8ca10b0bb81b4ef0efeb882') in 0.0284254 seconds
Number of updated asset objects reloaded before import = 0Number of asset objects unloaded after import = 2

========================================================================
Received Import Request.
  Time since last request: 0.000039 seconds.
  path: Assets/Assets Used/Low Poly Nature Pack/Textures/Grass3.png
  artifactKey: Guid(c4a39cb84fe22cf46a1b342cec9f3792) Importer(815301076,1909f56bfc062723c751e8b465ee728b)
Start importing Assets/Assets Used/Low Poly Nature Pack/Textures/Grass3.png using Guid(c4a39cb84fe22cf46a1b342cec9f3792) Importer(815301076,1909f56bfc062723c751e8b465ee728b) (PreviewImporter) -> (artifact id: '266be0c686106d0780e6ae50b01744df') in 0.0287332 seconds
Number of updated asset objects reloaded before import = 0Number of asset objects unloaded after import = 3

========================================================================
Received Import Request.
  Time since last request: 0.000036 seconds.
  path: Assets/Assets Used/JMO Assets/Cartoon FX Remaster/Demo Assets/CFXR Demo Ground.png
  artifactKey: Guid(cacfcc09b4fbf7e4baebb23fbaaff36b) Importer(815301076,1909f56bfc062723c751e8b465ee728b)
Start importing Assets/Assets Used/JMO Assets/Cartoon FX Remaster/Demo Assets/CFXR Demo Ground.png using Guid(cacfcc09b4fbf7e4baebb23fbaaff36b) Importer(815301076,1909f56bfc062723c751e8b465ee728b) (PreviewImporter) -> (artifact id: 'c15131df909f73e54359eb5494516289') in 0.0227766 seconds
Number of updated asset objects reloaded before import = 0Number of asset objects unloaded after import = 2

========================================================================
Received Import Request.
  Time since last request: 0.325047 seconds.
  path: Assets/Model/Environment/PF/Texture/Wild_Grass_xbreagf_1K_AO.jpg
  artifactKey: Guid(3eb74a0b91898874ab24b0f17f8b4729) Importer(815301076,1909f56bfc062723c751e8b465ee728b)
Start importing Assets/Model/Environment/PF/Texture/Wild_Grass_xbreagf_1K_AO.jpg using Guid(3eb74a0b91898874ab24b0f17f8b4729) Importer(815301076,1909f56bfc062723c751e8b465ee728b) (PreviewImporter) -> (artifact id: '319597babf6b7183f990e1a522d63517') in 0.020289 seconds
Number of updated asset objects reloaded before import = 0Number of asset objects unloaded after import = 2

========================================================================
Received Import Request.
  Time since last request: 0.016609 seconds.
  path: Assets/Model/Environment/PF/Texture/Wild_Grass_xbreagf_1K_BaseColor.jpg
  artifactKey: Guid(459b57c5af55f7c428a2bbe8ed6a8323) Importer(815301076,1909f56bfc062723c751e8b465ee728b)
Start importing Assets/Model/Environment/PF/Texture/Wild_Grass_xbreagf_1K_BaseColor.jpg using Guid(459b57c5af55f7c428a2bbe8ed6a8323) Importer(815301076,1909f56bfc062723c751e8b465ee728b) (PreviewImporter) -> (artifact id: '0311e840aaef1f98e60118d80f872c7f') in 0.0211907 seconds
Number of updated asset objects reloaded before import = 0Number of asset objects unloaded after import = 2

========================================================================
Received Import Request.
  Time since last request: 0.000031 seconds.
  path: Assets/Model/Environment/PF/Texture/Wild_Grass_xbreagf_1K_Cavity.jpg
  artifactKey: Guid(927de4e797759ee42bf8efff8bfd49d9) Importer(815301076,1909f56bfc062723c751e8b465ee728b)
Start importing Assets/Model/Environment/PF/Texture/Wild_Grass_xbreagf_1K_Cavity.jpg using Guid(927de4e797759ee42bf8efff8bfd49d9) Importer(815301076,1909f56bfc062723c751e8b465ee728b) (PreviewImporter) -> (artifact id: '3edeff511900197a4fc3b748d6be9b0f') in 0.020296 seconds
Number of updated asset objects reloaded before import = 0Number of asset objects unloaded after import = 2

========================================================================
Received Import Request.
  Time since last request: 0.000057 seconds.
  path: Assets/Model/Environment/PF/Texture/Wild_Grass_xbreagf_1K_Normal.jpg
  artifactKey: Guid(444106d96c92de54fb0bb9ee669d9712) Importer(815301076,1909f56bfc062723c751e8b465ee728b)
Start importing Assets/Model/Environment/PF/Texture/Wild_Grass_xbreagf_1K_Normal.jpg using Guid(444106d96c92de54fb0bb9ee669d9712) Importer(815301076,1909f56bfc062723c751e8b465ee728b) (PreviewImporter) -> (artifact id: '859cb1dc9992a9bdd577b39b4798ad35') in 0.0354646 seconds
Number of updated asset objects reloaded before import = 0Number of asset objects unloaded after import = 2

========================================================================
Received Import Request.
  Time since last request: 1.439722 seconds.
  path: Assets/Model/Environment/PF/Texture/Wild_Grass_xbreagf_1K_Roughness.jpg
  artifactKey: Guid(e32e9491546efc7468fc7d74d88f7201) Importer(815301076,1909f56bfc062723c751e8b465ee728b)
Start importing Assets/Model/Environment/PF/Texture/Wild_Grass_xbreagf_1K_Roughness.jpg using Guid(e32e9491546efc7468fc7d74d88f7201) Importer(815301076,1909f56bfc062723c751e8b465ee728b) (PreviewImporter) -> (artifact id: '404cd288159f8816ce2f2c88eb956fb8') in 0.0235342 seconds
Number of updated asset objects reloaded before import = 0Number of asset objects unloaded after import = 2

========================================================================
Received Import Request.
  Time since last request: 11.071260 seconds.
  path: Assets/Assets Used/Low Poly Nature Pack/Textures/Color Atlas.png
  artifactKey: Guid(7d79a7a5916d5ca4f91aa44f1729b022) Importer(815301076,1909f56bfc062723c751e8b465ee728b)
Start importing Assets/Assets Used/Low Poly Nature Pack/Textures/Color Atlas.png using Guid(7d79a7a5916d5ca4f91aa44f1729b022) Importer(815301076,1909f56bfc062723c751e8b465ee728b) (PreviewImporter) -> (artifact id: 'e9af06fb28bdbd0ba26a064ea3a829e4') in 0.0248742 seconds
Number of updated asset objects reloaded before import = 0Number of asset objects unloaded after import = 2

========================================================================
Received Import Request.
  Time since last request: 0.000027 seconds.
  path: Assets/Assets Used/Low Poly Nature Pack/Textures/Water01.png
  artifactKey: Guid(220621c8392124440a73487b3ca96016) Importer(815301076,1909f56bfc062723c751e8b465ee728b)
Start importing Assets/Assets Used/Low Poly Nature Pack/Textures/Water01.png using Guid(220621c8392124440a73487b3ca96016) Importer(815301076,1909f56bfc062723c751e8b465ee728b) (PreviewImporter) -> (artifact id: 'df218abf69816c2ee711004ece96f5a8') in 0.0238835 seconds
Number of updated asset objects reloaded before import = 0Number of asset objects unloaded after import = 2

========================================================================
Received Import Request.
  Time since last request: 0.000022 seconds.
  path: Assets/Assets Used/Low Poly Nature Pack/Textures/Soil.png
  artifactKey: Guid(1d73bc0e046bb784dbbb8dc697316dcb) Importer(815301076,1909f56bfc062723c751e8b465ee728b)
Start importing Assets/Assets Used/Low Poly Nature Pack/Textures/Soil.png using Guid(1d73bc0e046bb784dbbb8dc697316dcb) Importer(815301076,1909f56bfc062723c751e8b465ee728b) (PreviewImporter) -> (artifact id: 'c837f3b325f41e2bd0f3484142011f15') in 0.0226075 seconds
Number of updated asset objects reloaded before import = 0Number of asset objects unloaded after import = 2

========================================================================
Received Import Request.
  Time since last request: 0.000023 seconds.
  path: Assets/Assets Used/Low Poly Nature Pack/Textures/Water03.png
  artifactKey: Guid(d85c97adb710a0c4283a653e69498d04) Importer(815301076,1909f56bfc062723c751e8b465ee728b)
Start importing Assets/Assets Used/Low Poly Nature Pack/Textures/Water03.png using Guid(d85c97adb710a0c4283a653e69498d04) Importer(815301076,1909f56bfc062723c751e8b465ee728b) (PreviewImporter) -> (artifact id: 'ac68f04818ff0bfbb45baed99f0be9b6') in 0.0234416 seconds
Number of updated asset objects reloaded before import = 0Number of asset objects unloaded after import = 2

========================================================================
Received Import Request.
  Time since last request: 0.000034 seconds.
  path: Assets/Assets Used/Low Poly Nature Pack/Textures/Water02.png
  artifactKey: Guid(b28c9f7205cb8ee4b894f3fedc04480b) Importer(815301076,1909f56bfc062723c751e8b465ee728b)
Start importing Assets/Assets Used/Low Poly Nature Pack/Textures/Water02.png using Guid(b28c9f7205cb8ee4b894f3fedc04480b) Importer(815301076,1909f56bfc062723c751e8b465ee728b) (PreviewImporter) -> (artifact id: '5b6664937715afa9a39223ffba3a3662') in 0.0214962 seconds
Number of updated asset objects reloaded before import = 0Number of asset objects unloaded after import = 2

========================================================================
Received Import Request.
  Time since last request: 7.426358 seconds.
  path: Assets/Model/Players/cappi/FabricPlainNaturalSheer009_NRM_2K.png
  artifactKey: Guid(7c7c3df1e0baf4547a96d7fe643aff7c) Importer(815301076,1909f56bfc062723c751e8b465ee728b)
Start importing Assets/Model/Players/cappi/FabricPlainNaturalSheer009_NRM_2K.png using Guid(7c7c3df1e0baf4547a96d7fe643aff7c) Importer(815301076,1909f56bfc062723c751e8b465ee728b) (PreviewImporter) -> (artifact id: 'f9ed565eca6d3d491cd2309ffd30eb08') in 0.0192352 seconds
Number of updated asset objects reloaded before import = 0Number of asset objects unloaded after import = 2

========================================================================
Received Import Request.
  Time since last request: 0.006476 seconds.
  path: Assets/UI/HUD/Gem Icon B2.png
  artifactKey: Guid(41d2621d4c07ec5478c9ac8a17bdd81d) Importer(815301076,1909f56bfc062723c751e8b465ee728b)
Start importing Assets/UI/HUD/Gem Icon B2.png using Guid(41d2621d4c07ec5478c9ac8a17bdd81d) Importer(815301076,1909f56bfc062723c751e8b465ee728b) (PreviewImporter) -> (artifact id: 'e38997605a509bc05c536102dce952c5') in 0.0242304 seconds
Number of updated asset objects reloaded before import = 0Number of asset objects unloaded after import = 3

========================================================================
Received Import Request.
  Time since last request: 0.999811 seconds.
  path: Assets/UI/HUD/HP/hp1.png
  artifactKey: Guid(bcade1f16686645498115130fd88dafe) Importer(815301076,1909f56bfc062723c751e8b465ee728b)
Start importing Assets/UI/HUD/HP/hp1.png using Guid(bcade1f16686645498115130fd88dafe) Importer(815301076,1909f56bfc062723c751e8b465ee728b) (PreviewImporter) -> (artifact id: '59bea306b1685fb3486141a12aa2384f') in 0.0235365 seconds
Number of updated asset objects reloaded before import = 0Number of asset objects unloaded after import = 3

Editor requested this worker to shutdown with reason: Scaling down because of idle timeout
AssetImportWorker is now disconnected from the server
Process exiting
Exiting without the bug reporter. Application will terminate with return code 0